<?xml version="1.0" encoding="UTF-8"?>
<!-- Generated by org.testng.reporters.JUnitReportReporter -->
<testsuite hostname="C40FF43LAP" failures="0" tests="4" name="com.Test.TestNgFeatures" time="0.016" errors="0" timestamp="2021-12-21T18:17:19 IST" skipped="0">
  <testcase classname="com.Test.TestNgFeatures" name="LoginTest" time="0.011"/>
  <system-out/>
  <testcase classname="com.Test.TestNgFeatures" name="RegistrationPage" time="0.001"/>
  <system-out/>
  <testcase classname="com.Test.TestNgFeatures" name="HomePageTest" time="0.002"/>
  <system-out/>
  <testcase classname="com.Test.TestNgFeatures" name="Searchpage" time="0.002"/>
  <system-out/>
</testsuite> <!-- com.Test.TestNgFeatures -->
