<?xml version="1.0" encoding="UTF-8"?>
<!-- Generated by org.testng.reporters.JUnitReportReporter -->
<testsuite hostname="C40FF43LAP" failures="0" tests="10" name="com.Test.InvocationCountTest" time="0.034" errors="0" timestamp="2021-12-21T18:20:26 IST" skipped="0">
  <testcase classname="com.Test.InvocationCountTest" name="Sum" time="0.009"/>
  <system-out/>
  <testcase classname="com.Test.InvocationCountTest" name="Sum" time="0.003"/>
  <system-out/>
  <testcase classname="com.Test.InvocationCountTest" name="Sum" time="0.002"/>
  <system-out/>
  <testcase classname="com.Test.InvocationCountTest" name="Sum" time="0.001"/>
  <system-out/>
  <testcase classname="com.Test.InvocationCountTest" name="Sum" time="0.003"/>
  <system-out/>
  <testcase classname="com.Test.InvocationCountTest" name="Sum" time="0.007"/>
  <system-out/>
  <testcase classname="com.Test.InvocationCountTest" name="Sum" time="0.003"/>
  <system-out/>
  <testcase classname="com.Test.InvocationCountTest" name="Sum" time="0.001"/>
  <system-out/>
  <testcase classname="com.Test.InvocationCountTest" name="Sum" time="0.002"/>
  <system-out/>
  <testcase classname="com.Test.InvocationCountTest" name="Sum" time="0.003"/>
  <system-out/>
</testsuite> <!-- com.Test.InvocationCountTest -->
