<?xml version="1.0" encoding="UTF-8"?>
<!-- Generated by org.testng.reporters.JUnitReportReporter -->
<testsuite hostname="C40FF43LAP" failures="0" tests="1" name="com.Test.ExceptionTimeOutTest" time="0.016" errors="0" timestamp="2021-12-21T18:32:09 IST" skipped="0">
  <testcase classname="com.Test.ExceptionTimeOutTest" name="InfiniteLoopTest" time="0.016"/>
  <system-out/>
</testsuite> <!-- com.Test.ExceptionTimeOutTest -->
