<?xml version="1.0" encoding="UTF-8"?>
<!-- Generated by org.testng.reporters.JUnitReportReporter -->
<testsuite hostname="C40FF43LAP" failures="0" tests="3" name="com.Test.TestNBasics" time="0.026" errors="0" timestamp="2021-12-21T15:35:14 IST" skipped="0">
  <testcase classname="com.Test.TestNBasics" name="GoogleLogoTest" time="0.010"/>
  <system-out/>
  <testcase classname="com.Test.TestNBasics" name="GoogleTitleTest" time="0.012"/>
  <system-out/>
  <testcase classname="com.Test.TestNBasics" name="SearchTest" time="0.004"/>
  <system-out/>
</testsuite> <!-- com.Test.TestNBasics -->
